
> spotify@0.1.0 build
> next build

- info Loaded env from C:\Users\HP\Desktop\Nextapp\PendingNextProject\spotify\.env.local
- info Creating an optimized production build...
- info Compiled successfully
- info Linting and checking validity of types...
- info Collecting page data...
- info Generating static pages (0/3)
- info Generating static pages (3/3)
- info Finalizing page optimization...

Route (app)                                Size     First Load JS
┌ λ /                                      2.46 kB         101 kB
├ ○ /favicon.ico                           0 B                0 B
├ λ /liked                                 2.38 kB         102 kB
└ λ /search                                4.93 kB         104 kB
+ First Load JS shared by all              97.4 kB
  ├ chunks/596-bbf7e2edfb419c2f.js         26.1 kB
  ├ chunks/73-5b2aa1c8c2184119.js          18.2 kB
  ├ chunks/8dc5345f-f26bae80853aea19.js    308 B
  ├ chunks/93854f56-c1c79c17670c7517.js    315 B
  ├ chunks/fd9d1056-3c8f05646f5536e3.js    50.5 kB
  ├ chunks/main-app-e265ed671d5dc542.js    220 B
  └ chunks/webpack-9ae23327140e9778.js     1.74 kB

Route (pages)                              Size     First Load JS
─ ○ /404                                   182 B          76.6 kB
+ First Load JS shared by all              76.4 kB
  ├ chunks/framework-8883d1e9be70c3da.js   45.1 kB
  ├ chunks/main-6370a4179ebb3369.js        29.4 kB
  ├ chunks/pages/_app-52924524f99094ab.js  195 B
  └ chunks/webpack-9ae23327140e9778.js     1.74 kB

λ  (Server)  server-side renders at runtime (uses getInitialProps or getServerSideProps)
○  (Static)  automatically rendered as static HTML (uses no initial props)

